
> querytel-ui@0.0.0 dev
> vite --host


  VITE v5.4.21  ready in 281 ms

  ➜  Local:   http://localhost:5173/
  ➜  Network: http://10.180.80.168:5173/

> querytel-ui@0.0.0 dev
> vite --host

Port 5173 is in use, trying another one...

  VITE v5.4.21  ready in 330 ms

  ➜  Local:   http://localhost:5174/
  ➜  Network: http://10.180.80.168:5174/
7:26:02 AM [vite] vite.config.js changed, restarting server...
7:26:02 AM [vite] vite.config.js changed, restarting server...
7:26:02 AM [vite] server restarted.
7:26:02 AM [vite] server restarted.

> querytel-ui@0.0.0 dev
> vite --host

Port 5173 is in use, trying another one...
Port 5174 is in use, trying another one...

  VITE v5.4.21  ready in 387 ms

  ➜  Local:   http://localhost:5175/
  ➜  Network: http://10.180.80.168:5175/
